Epoch # 0
Epoch # 1
Epoch # 2
Epoch # 3
Epoch # 4
Epoch # 5
Epoch # 6
Epoch # 7
Epoch # 8
Epoch # 9
Epoch # 10
Epoch # 11
Epoch # 12
Epoch # 13
Epoch # 14
Epoch # 15
Epoch # 16
Epoch # 17
Epoch # 18
Epoch # 19
Epoch # 20
Epoch # 21
Epoch # 22
Epoch # 23
Epoch # 24
Epoch # 25
Epoch # 26
Epoch # 27
Epoch # 28
Epoch # 29
Epoch # 30
Epoch # 31
Epoch # 32
Epoch # 33
Epoch # 34
Epoch # 35
Epoch # 36
Epoch # 37
Epoch # 38
Epoch # 39
Epoch # 40
Epoch # 41
Epoch # 42
Epoch # 43
Epoch # 44
Epoch # 45
Epoch # 46
Epoch # 47
Epoch # 48
Epoch # 49
Epoch # 50
Epoch # 51
Epoch # 52
Epoch # 53
Epoch # 54
Epoch # 55
Epoch # 56
Epoch # 57
Epoch # 58
Epoch # 59
Epoch # 60
Epoch # 61
Epoch # 62
Epoch # 63
Epoch # 64
Epoch # 65
Epoch # 66
Epoch # 67
Epoch # 68
Epoch # 69
Epoch # 70
Epoch # 71
Epoch # 72
Epoch # 73
Epoch # 74
Epoch # 75
Epoch # 76
Epoch # 77
Epoch # 78
Epoch # 79
Epoch # 80
Epoch # 81
Epoch # 82
Epoch # 83
Epoch # 84
Epoch # 85
Epoch # 86
Epoch # 87
Epoch # 88
Epoch # 89
Epoch # 90
Epoch # 91
Epoch # 92
Epoch # 93
Epoch # 94
Epoch # 95
Epoch # 96
Epoch # 97
Epoch # 98
Epoch # 99
Epoch # 100
Epoch # 101
Epoch # 102
Epoch # 103
Epoch # 104
Epoch # 105
Epoch # 106
Epoch # 107
Epoch # 108
Epoch # 109
Epoch # 110
Epoch # 111
Epoch # 112
Epoch # 113
Epoch # 114
Epoch # 115
Epoch # 116
Epoch # 117
Epoch # 118
Epoch # 119
Epoch # 120
Epoch # 121
Epoch # 122
Epoch # 123
Epoch # 124
Epoch # 125
Epoch # 126
Epoch # 127
Epoch # 128
Epoch # 129
Epoch # 130
Epoch # 131
Epoch # 132
Epoch # 133
Epoch # 134
Epoch # 135
Epoch # 136
Epoch # 137
Epoch # 138
Epoch # 139
Epoch # 140
Epoch # 141
Epoch # 142
Epoch # 143
Epoch # 144
Epoch # 145
Epoch # 146
Epoch # 147
Epoch # 148
Epoch # 149
Epoch # 150
Epoch # 151
Epoch # 152
Epoch # 153
Epoch # 154
Epoch # 155
Epoch # 156
Epoch # 157
Epoch # 158
Epoch # 159
Epoch # 160
Epoch # 161
Epoch # 162
Epoch # 163
Epoch # 164
Epoch # 165
Epoch # 166
Epoch # 167
Epoch # 168
Epoch # 169
Epoch # 170
Epoch # 171
Epoch # 172
Epoch # 173
Epoch # 174
Epoch # 175
Epoch # 176
Epoch # 177
Epoch # 178
Epoch # 179
Epoch # 180
Epoch # 181
Epoch # 182
Epoch # 183
Epoch # 184
Epoch # 185
Epoch # 186
Epoch # 187
Epoch # 188
Epoch # 189
Epoch # 190
Epoch # 191
Epoch # 192
Epoch # 193
Epoch # 194
Epoch # 195
Epoch # 196
Epoch # 197
Epoch # 198
Epoch # 199
Epoch # 200
Epoch # 201
Epoch # 202
Epoch # 203
Epoch # 204
Epoch # 205
Epoch # 206
Epoch # 207
Epoch # 208
Epoch # 209
Epoch # 210
Epoch # 211
Epoch # 212
Epoch # 213
Epoch # 214
Epoch # 215
Epoch # 216
Epoch # 217
Epoch # 218
Epoch # 219
Epoch # 220
Epoch # 221
Epoch # 222
Epoch # 223
Epoch # 224
Epoch # 225
Epoch # 226
Epoch # 227
Epoch # 228
Epoch # 229
Epoch # 230
Epoch # 231
Epoch # 232
Epoch # 233
Epoch # 234
Epoch # 235
Epoch # 236
Epoch # 237
Epoch # 238
Epoch # 239
Epoch # 240
Epoch # 241
Epoch # 242
Epoch # 243
Epoch # 244
Epoch # 245
Epoch # 246
Epoch # 247
Epoch # 248
Epoch # 249
Epoch # 250
Epoch # 251
Epoch # 252
Epoch # 253
Epoch # 254
Epoch # 255
Epoch # 256
Epoch # 257
Epoch # 258
Epoch # 259
Epoch # 260
Epoch # 261
Epoch # 262
Epoch # 263
Epoch # 264
Epoch # 265
Epoch # 266
Epoch # 267
Epoch # 268
Epoch # 269
Epoch # 270
Epoch # 271
Epoch # 272
Epoch # 273
Epoch # 274
Epoch # 275
Epoch # 276
Epoch # 277
Epoch # 278
Epoch # 279
Epoch # 280
Epoch # 281
Epoch # 282
Epoch # 283
Epoch # 284
Epoch # 285
Epoch # 286
Epoch # 287
Epoch # 288
Epoch # 289
Epoch # 290
Epoch # 291
Epoch # 292
Epoch # 293
Epoch # 294
Epoch # 295
Epoch # 296
Epoch # 297
Epoch # 298
Epoch # 299
Epoch # 300
Epoch # 301
Epoch # 302
Epoch # 303
Epoch # 304
Epoch # 305
Epoch # 306
Epoch # 307
Epoch # 308
Epoch # 309
Epoch # 310
Epoch # 311
Epoch # 312
Epoch # 313
Epoch # 314
Epoch # 315
Epoch # 316
Epoch # 317
Epoch # 318
Epoch # 319
Epoch # 320
Epoch # 321
Epoch # 322
Epoch # 323
Epoch # 324
Epoch # 325
Epoch # 326
Epoch # 327
Epoch # 328
Epoch # 329
Epoch # 330
Epoch # 331
Epoch # 332
Epoch # 333
Epoch # 334
Epoch # 335
Epoch # 336
Epoch # 337
Epoch # 338
Epoch # 339
Epoch # 340
Epoch # 341
Epoch # 342
Epoch # 343
Epoch # 344
Epoch # 345
Epoch # 346
Epoch # 347
Epoch # 348
Epoch # 349
Epoch # 350
Epoch # 351
Epoch # 352
Epoch # 353
Epoch # 354
Epoch # 355
Epoch # 356
Epoch # 357
Epoch # 358
Epoch # 359
Epoch # 360
Epoch # 361
Epoch # 362
Epoch # 363
Epoch # 364
Epoch # 365
Epoch # 366
Epoch # 367
Epoch # 368
Epoch # 369
Epoch # 370
Epoch # 371
Epoch # 372
Epoch # 373
Epoch # 374
Epoch # 375
Epoch # 376
Epoch # 377
Epoch # 378
Epoch # 379
Epoch # 380
Epoch # 381
Epoch # 382
Epoch # 383
Epoch # 384
Epoch # 385
Epoch # 386
Epoch # 387
Epoch # 388
Epoch # 389
Epoch # 390
Epoch # 391
Epoch # 392
Epoch # 393
Epoch # 394
Epoch # 395
Epoch # 396
Epoch # 397
Epoch # 398
Epoch # 399
Epoch # 400
Epoch # 401
Epoch # 402
Epoch # 403
Epoch # 404
Epoch # 405
Epoch # 406
Epoch # 407
Epoch # 408
Epoch # 409
Epoch # 410
Epoch # 411
Epoch # 412
Epoch # 413
Epoch # 414
Epoch # 415
Epoch # 416
Epoch # 417
Epoch # 418
Epoch # 419
Epoch # 420
Epoch # 421
Epoch # 422
Epoch # 423
Epoch # 424
Epoch # 425
Epoch # 426
Epoch # 427
Epoch # 428
Epoch # 429
Epoch # 430
Epoch # 431
Epoch # 432
Epoch # 433
Epoch # 434
Epoch # 435
Epoch # 436
Epoch # 437
Epoch # 438
Epoch # 439
Epoch # 440
Epoch # 441
Epoch # 442
Epoch # 443
Epoch # 444
Epoch # 445
Epoch # 446
Epoch # 447
Epoch # 448
Epoch # 449
Epoch # 450
Epoch # 451
Epoch # 452
Epoch # 453
Epoch # 454
Epoch # 455
Epoch # 456
Epoch # 457
Epoch # 458
Epoch # 459
Epoch # 460
Epoch # 461
Epoch # 462
Epoch # 463
Epoch # 464
Epoch # 465
Epoch # 466
Epoch # 467
Epoch # 468
Epoch # 469
Epoch # 470
Epoch # 471
Epoch # 472
Epoch # 473
Epoch # 474
Epoch # 475
Epoch # 476
Epoch # 477
Epoch # 478
Epoch # 479
Epoch # 480
Epoch # 481
Epoch # 482
Epoch # 483
Epoch # 484
Epoch # 485
Epoch # 486
Epoch # 487
Epoch # 488
Epoch # 489
Epoch # 490
Epoch # 491
Epoch # 492
Epoch # 493
Epoch # 494
Epoch # 495
Epoch # 496
Epoch # 497
Epoch # 498
Epoch # 499
Epoch # 500
Epoch # 501
Epoch # 502
Epoch # 503
Epoch # 504
Epoch # 505
Epoch # 506
Epoch # 507
Epoch # 508
Epoch # 509
Epoch # 510
Epoch # 511
Epoch # 512
Epoch # 513
Epoch # 514
Epoch # 515
Epoch # 516
Epoch # 517
Epoch # 518
Epoch # 519
Epoch # 520
Epoch # 521
Epoch # 522
Epoch # 523
Epoch # 524
Epoch # 525
Epoch # 526
Epoch # 527
Epoch # 528
Epoch # 529
Epoch # 530
Epoch # 531
Epoch # 532
Epoch # 533
Epoch # 534
Epoch # 535
Epoch # 536
Epoch # 537
Epoch # 538
Epoch # 539
Epoch # 540
Epoch # 541
Epoch # 542
Epoch # 543
Epoch # 544
Epoch # 545
Epoch # 546
Epoch # 547
Epoch # 548
Epoch # 549
Epoch # 550
Epoch # 551
Epoch # 552
Epoch # 553
Epoch # 554
Epoch # 555
Epoch # 556
Epoch # 557
Epoch # 558
Epoch # 559
Epoch # 560
Epoch # 561
Epoch # 562
Epoch # 563
Epoch # 564
Epoch # 565
Epoch # 566
Epoch # 567
Epoch # 568
Epoch # 569
Epoch # 570
Epoch # 571
Epoch # 572
Epoch # 573
Epoch # 574
Epoch # 575
Epoch # 576
Epoch # 577
Epoch # 578
Epoch # 579
Epoch # 580
Epoch # 581
Epoch # 582
Epoch # 583
Epoch # 584
Epoch # 585
Epoch # 586
Epoch # 587
Epoch # 588
Epoch # 589
Epoch # 590
Epoch # 591
Epoch # 592
Epoch # 593
Epoch # 594
Epoch # 595
Epoch # 596
Epoch # 597
Epoch # 598
Epoch # 599
Confusion Matrix 0.0
TP = 88460
FN = 0
FP = 43087
TN = 0
TPR = 1.0
FNR = 0.0
FPR = 1.0
TNR = 0.0
Confusion Matrix 0.01
TP = 88445
FN = 15
FP = 16053
TN = 27054
TPR = 0.9998304318335971
FNR = 0.00016956816640289397
FPR = 0.37239891432945926
TNR = 0.6276010856705407
Confusion Matrix 0.02
TP = 88428
FN = 32
FP = 15219
TN = 27888
TPR = 0.9996382545783405
FNR = 0.00036174542165950713
FPR = 0.35305170853921636
TNR = 0.6469482914607836
Confusion Matrix 0.03
TP = 88412
FN = 48
FP = 14677
TN = 28430
TPR = 0.9994573818675108
FNR = 0.0005426181324892607
FPR = 0.34047834458440623
TNR = 0.6595216554155937
Confusion Matrix 0.04
TP = 88391
FN = 69
FP = 14291
TN = 28816
TPR = 0.9992199864345467
FNR = 0.0007800135654533122
FPR = 0.3315238824320876
TNR = 0.6684761175679124
Confusion Matrix 0.05
TP = 88364
FN = 96
FP = 13963
TN = 29144
TPR = 0.9989147637350215
FNR = 0.0010852362649785214
FPR = 0.3239149094114645
TNR = 0.6760850905885355
Confusion Matrix 0.06
TP = 88341
FN = 119
FP = 13699
TN = 29408
TPR = 0.9986547592132037
FNR = 0.0013452407867962921
FPR = 0.317790614053402
TNR = 0.682209385946598
Confusion Matrix 0.07
TP = 88322
FN = 138
FP = 13437
TN = 29670
TPR = 0.9984399728690934
FNR = 0.0015600271309066244
FPR = 0.3117127148722945
TNR = 0.6882872851277054
Confusion Matrix 0.08
TP = 88287
FN = 173
FP = 13166
TN = 29941
TPR = 0.9980443138141533
FNR = 0.0019556861858467103
FPR = 0.30542603289488945
TNR = 0.6945739671051105
Confusion Matrix 0.09
TP = 88258
FN = 202
FP = 12932
TN = 30175
TPR = 0.9977164820257743
FNR = 0.0022835179742256386
FPR = 0.29999768019115225
TNR = 0.7000023198088478
Confusion Matrix 0.1
TP = 88231
FN = 229
FP = 12701
TN = 30406
TPR = 0.9974112593262492
FNR = 0.002588740673750848
FPR = 0.29463892175284756
TNR = 0.7053610782471524
Confusion Matrix 0.11
TP = 88215
FN = 245
FP = 12486
TN = 30621
TPR = 0.9972303866154194
FNR = 0.0027696133845806015
FPR = 0.289651332730183
TNR = 0.7103486672698169
Confusion Matrix 0.12
TP = 88187
FN = 273
FP = 12284
TN = 30823
TPR = 0.9969138593714674
FNR = 0.00308614062853267
FPR = 0.28496531885772614
TNR = 0.7150346811422739
Confusion Matrix 0.13
TP = 88171
FN = 289
FP = 12113
TN = 30994
TPR = 0.9967329866606376
FNR = 0.0032670133393624236
FPR = 0.28099844572807203
TNR = 0.719001554271928
Confusion Matrix 0.14
TP = 88147
FN = 313
FP = 11950
TN = 31157
TPR = 0.996461677594393
FNR = 0.003538322405607054
FPR = 0.27721715730623797
TNR = 0.722782842693762
Confusion Matrix 0.15
TP = 88125
FN = 335
FP = 11767
TN = 31340
TPR = 0.996212977617002
FNR = 0.003787022382997965
FPR = 0.27297190711485375
TNR = 0.7270280928851462
Confusion Matrix 0.16
TP = 88097
FN = 363
FP = 11603
TN = 31504
TPR = 0.99589645037305
FNR = 0.004103549626950034
FPR = 0.2691674206045422
TNR = 0.7308325793954578
Confusion Matrix 0.17
TP = 88068
FN = 392
FP = 11450
TN = 31657
TPR = 0.995568618584671
FNR = 0.004431381415328962
FPR = 0.26561811306748323
TNR = 0.7343818869325167
Confusion Matrix 0.18
TP = 88029
FN = 431
FP = 11297
TN = 31810
TPR = 0.9951277413520235
FNR = 0.004872258647976487
FPR = 0.2620688055304243
TNR = 0.7379311944695757
Confusion Matrix 0.19
TP = 87987
FN = 473
FP = 11146
TN = 31961
TPR = 0.9946529504860954
FNR = 0.0053470495139045894
FPR = 0.2585658941703204
TNR = 0.7414341058296796
Confusion Matrix 0.2
TP = 87947
FN = 513
FP = 10983
TN = 32124
TPR = 0.9942007687090211
FNR = 0.005799231290978974
FPR = 0.2547846057484863
TNR = 0.7452153942515137
Confusion Matrix 0.21
TP = 87902
FN = 558
FP = 10812
TN = 32295
TPR = 0.9936920642098124
FNR = 0.0063079357901876555
FPR = 0.2508177326188322
TNR = 0.7491822673811678
Confusion Matrix 0.22
TP = 87849
FN = 611
FP = 10665
TN = 32442
TPR = 0.9930929233551888
FNR = 0.006907076644811214
FPR = 0.24740761361263833
TNR = 0.7525923863873617
Confusion Matrix 0.23
TP = 87820
FN = 640
FP = 10538
TN = 32569
TPR = 0.9927650915668098
FNR = 0.007234908433190143
FPR = 0.24446145637599462
TNR = 0.7555385436240054
Confusion Matrix 0.24
TP = 87779
FN = 681
FP = 10388
TN = 32719
TPR = 0.9923016052453086
FNR = 0.007698394754691386
FPR = 0.2409817431043682
TNR = 0.7590182568956318
Confusion Matrix 0.25
TP = 87734
FN = 726
FP = 10223
TN = 32884
TPR = 0.9917929007460999
FNR = 0.008207099253900068
FPR = 0.23715405850557914
TNR = 0.7628459414944209
Confusion Matrix 0.26
TP = 87677
FN = 783
FP = 10031
TN = 33076
TPR = 0.991148541713769
FNR = 0.008851458286231064
FPR = 0.2327000255178973
TNR = 0.7672999744821026
Confusion Matrix 0.27
TP = 87633
FN = 827
FP = 9893
TN = 33214
TPR = 0.9906511417589872
FNR = 0.009348858241012887
FPR = 0.22949868930800102
TNR = 0.770501310691999
Confusion Matrix 0.28
TP = 87572
FN = 888
FP = 9754
TN = 33353
TPR = 0.9899615645489487
FNR = 0.010038435451051323
FPR = 0.22627415500962722
TNR = 0.7737258449903728
Confusion Matrix 0.29
TP = 87519
FN = 941
FP = 9613
TN = 33494
TPR = 0.9893624236943251
FNR = 0.01063757630567488
FPR = 0.22300322453429838
TNR = 0.7769967754657017
Confusion Matrix 0.3
TP = 87477
FN = 983
FP = 9493
TN = 33614
TPR = 0.988887632828397
FNR = 0.011112367171602985
FPR = 0.22021945391699724
TNR = 0.7797805460830027
Confusion Matrix 0.31
TP = 87426
FN = 1034
FP = 9319
TN = 33788
TPR = 0.9883111010626272
FNR = 0.011688898937372823
FPR = 0.2161829865219106
TNR = 0.7838170134780894
Confusion Matrix 0.32
TP = 87361
FN = 1099
FP = 9189
TN = 33918
TPR = 0.9875763056748813
FNR = 0.012423694325118698
FPR = 0.21316723501983437
TNR = 0.7868327649801656
Confusion Matrix 0.33
TP = 87299
FN = 1161
FP = 9073
TN = 34034
TPR = 0.986875423920416
FNR = 0.013124576079583993
FPR = 0.21047625675644327
TNR = 0.7895237432435568
Confusion Matrix 0.34
TP = 87244
FN = 1216
FP = 8951
TN = 34156
TPR = 0.9862536739769387
FNR = 0.013746326023061271
FPR = 0.2076460899621871
TNR = 0.7923539100378129
Confusion Matrix 0.35000000000000003
TP = 87186
FN = 1274
FP = 8814
TN = 34293
TPR = 0.9855980104001809
FNR = 0.014401989599819127
FPR = 0.20446795184076832
TNR = 0.7955320481592317
Confusion Matrix 0.36
TP = 87107
FN = 1353
FP = 8700
TN = 34407
TPR = 0.984704951390459
FNR = 0.015295048609541036
FPR = 0.20182336975433224
TNR = 0.7981766302456678
Confusion Matrix 0.37
TP = 87045
FN = 1415
FP = 8571
TN = 34536
TPR = 0.9840040696359936
FNR = 0.01599593036400633
FPR = 0.19883081634073352
TNR = 0.8011691836592665
Confusion Matrix 0.38
TP = 86971
FN = 1489
FP = 8454
TN = 34653
TPR = 0.983167533348406
FNR = 0.01683246665159394
FPR = 0.19611663998886492
TNR = 0.803883360011135
Confusion Matrix 0.39
TP = 86904
FN = 1556
FP = 8320
TN = 34787
TPR = 0.9824101288718065
FNR = 0.017589871128193532
FPR = 0.19300809613287864
TNR = 0.8069919038671214
Confusion Matrix 0.4
TP = 86819
FN = 1641
FP = 8216
TN = 34891
TPR = 0.9814492425955234
FNR = 0.0185507574044766
FPR = 0.19059549493121766
TNR = 0.8094045050687824
Confusion Matrix 0.41000000000000003
TP = 86725
FN = 1735
FP = 8091
TN = 35016
TPR = 0.9803866154193986
FNR = 0.0196133845806014
FPR = 0.187695733871529
TNR = 0.8123042661284711
Confusion Matrix 0.42
TP = 86627
FN = 1833
FP = 7926
TN = 35181
TPR = 0.9792787700655664
FNR = 0.020721229934433642
FPR = 0.18386804927273992
TNR = 0.8161319507272601
Confusion Matrix 0.43
TP = 86532
FN = 1928
FP = 7780
TN = 35327
TPR = 0.9782048383450147
FNR = 0.021795161654985303
FPR = 0.18048112835502356
TNR = 0.8195188716449765
Confusion Matrix 0.44
TP = 86425
FN = 2035
FP = 7634
TN = 35473
TPR = 0.9769952520913407
FNR = 0.023004747908659282
FPR = 0.17709420743730717
TNR = 0.8229057925626928
Confusion Matrix 0.45
TP = 86323
FN = 2137
FP = 7443
TN = 35664
TPR = 0.9758421885598011
FNR = 0.02415781144019896
FPR = 0.17266337253810285
TNR = 0.8273366274618972
Confusion Matrix 0.46
TP = 86208
FN = 2252
FP = 7304
TN = 35803
TPR = 0.9745421659507122
FNR = 0.025457834049287812
FPR = 0.16943883823972905
TNR = 0.830561161760271
Confusion Matrix 0.47000000000000003
TP = 86072
FN = 2388
FP = 7180
TN = 35927
TPR = 0.9730047479086593
FNR = 0.02699525209134072
FPR = 0.16656227526851788
TNR = 0.8334377247314821
Confusion Matrix 0.48
TP = 85951
FN = 2509
FP = 7045
TN = 36062
TPR = 0.9716368980330092
FNR = 0.02836310196699073
FPR = 0.1634305333240541
TNR = 0.8365694666759459
Confusion Matrix 0.49
TP = 85836
FN = 2624
FP = 6909
TN = 36198
TPR = 0.9703368754239204
FNR = 0.029663124576079582
FPR = 0.16027559329111282
TNR = 0.8397244067088871
Confusion Matrix 0.5
TP = 85700
FN = 2760
FP = 6768
TN = 36339
TPR = 0.9687994573818675
FNR = 0.03120054261813249
FPR = 0.15700466281578399
TNR = 0.842995337184216
Confusion Matrix 0.51
TP = 85581
FN = 2879
FP = 6649
TN = 36458
TPR = 0.9674542165950712
FNR = 0.03254578340492878
FPR = 0.15424409028696034
TNR = 0.8457559097130396
Confusion Matrix 0.52
TP = 85442
FN = 3018
FP = 6518
TN = 36589
TPR = 0.9658828849197377
FNR = 0.034117115080262266
FPR = 0.15120514069640661
TNR = 0.8487948593035933
Confusion Matrix 0.53
TP = 85296
FN = 3164
FP = 6375
TN = 36732
TPR = 0.9642324214334163
FNR = 0.03576757856658377
FPR = 0.14788781404412277
TNR = 0.8521121859558772
Confusion Matrix 0.54
TP = 85124
FN = 3336
FP = 6222
TN = 36885
TPR = 0.9622880397919964
FNR = 0.03771196020800362
FPR = 0.1443385065070638
TNR = 0.8556614934929362
Confusion Matrix 0.55
TP = 84932
FN = 3528
FP = 6079
TN = 37028
TPR = 0.9601175672620393
FNR = 0.03988243273796066
FPR = 0.14102117985477997
TNR = 0.85897882014522
Confusion Matrix 0.56
TP = 84722
FN = 3738
FP = 5881
TN = 37226
TPR = 0.9577436129323988
FNR = 0.042256387067601174
FPR = 0.13642795833623308
TNR = 0.8635720416637669
Confusion Matrix 0.5700000000000001
TP = 84515
FN = 3945
FP = 5712
TN = 37395
TPR = 0.9554035722360389
FNR = 0.04459642776396111
FPR = 0.132507481383534
TNR = 0.867492518616466
Confusion Matrix 0.58
TP = 84297
FN = 4163
FP = 5561
TN = 37546
TPR = 0.9529391815509834
FNR = 0.0470608184490165
FPR = 0.12900457002343008
TNR = 0.87099542997657
Confusion Matrix 0.59
TP = 84076
FN = 4384
FP = 5387
TN = 37720
TPR = 0.9504408772326475
FNR = 0.04955912276735248
FPR = 0.12496810262834343
TNR = 0.8750318973716565
Confusion Matrix 0.6
TP = 83867
FN = 4593
FP = 5237
TN = 37870
TPR = 0.9480782274474339
FNR = 0.05192177255256613
FPR = 0.121488389356717
TNR = 0.878511610643283
Confusion Matrix 0.61
TP = 83674
FN = 4786
FP = 5093
TN = 38014
TPR = 0.9458964503730499
FNR = 0.054103549626950034
FPR = 0.11814786461595564
TNR = 0.8818521353840444
Confusion Matrix 0.62
TP = 83474
FN = 4986
FP = 4979
TN = 38128
TPR = 0.943635541487678
FNR = 0.056364458512321955
FPR = 0.11550328252951957
TNR = 0.8844967174704804
Confusion Matrix 0.63
TP = 83292
FN = 5168
FP = 4842
TN = 38265
TPR = 0.9415781144019896
FNR = 0.0584218855980104
FPR = 0.11232514440810078
TNR = 0.8876748555918992
Confusion Matrix 0.64
TP = 83104
FN = 5356
FP = 4731
TN = 38376
TPR = 0.93945286004974
FNR = 0.06054713995026
FPR = 0.10975015658709722
TNR = 0.8902498434129028
Confusion Matrix 0.65
TP = 82910
FN = 5550
FP = 4625
TN = 38482
TPR = 0.9372597784309292
FNR = 0.06274022156907076
FPR = 0.10729115920848122
TNR = 0.8927088407915188
Confusion Matrix 0.66
TP = 82700
FN = 5760
FP = 4514
TN = 38593
TPR = 0.9348858241012887
FNR = 0.06511417589871128
FPR = 0.10471617138747767
TNR = 0.8952838286125223
Confusion Matrix 0.67
TP = 82446
FN = 6014
FP = 4410
TN = 38697
TPR = 0.9320144698168664
FNR = 0.06798553018313362
FPR = 0.10230357018581669
TNR = 0.8976964298141833
Confusion Matrix 0.68
TP = 82199
FN = 6261
FP = 4269
TN = 38838
TPR = 0.9292222473434321
FNR = 0.07077775265656794
FPR = 0.09903263971048785
TNR = 0.9009673602895122
Confusion Matrix 0.6900000000000001
TP = 81913
FN = 6547
FP = 4144
TN = 38963
TPR = 0.9259891476373502
FNR = 0.07401085236264979
FPR = 0.09613287865079917
TNR = 0.9038671213492008
Confusion Matrix 0.7000000000000001
TP = 81623
FN = 6837
FP = 3985
TN = 39122
TPR = 0.9227108297535609
FNR = 0.07728917024643907
FPR = 0.09244438258287517
TNR = 0.9075556174171249
Confusion Matrix 0.71
TP = 81262
FN = 7198
FP = 3813
TN = 39294
TPR = 0.9186298892154646
FNR = 0.08137011078453538
FPR = 0.08845431136474355
TNR = 0.9115456886352564
Confusion Matrix 0.72
TP = 80818
FN = 7642
FP = 3633
TN = 39474
TPR = 0.9136106714899389
FNR = 0.08638932851006105
FPR = 0.08427865543879184
TNR = 0.9157213445612081
Confusion Matrix 0.73
TP = 80239
FN = 8221
FP = 3426
TN = 39681
TPR = 0.9070653402667872
FNR = 0.09293465973321276
FPR = 0.07947665112394739
TNR = 0.9205233488760526
Confusion Matrix 0.74
TP = 79607
FN = 8853
FP = 3211
TN = 39896
TPR = 0.899920868189012
FNR = 0.10007913181098801
FPR = 0.07448906210128285
TNR = 0.9255109378987172
Confusion Matrix 0.75
TP = 79052
FN = 9408
FP = 2992
TN = 40115
TPR = 0.8936468460321049
FNR = 0.10635315396789509
FPR = 0.06940868072470828
TNR = 0.9305913192752917
Confusion Matrix 0.76
TP = 78578
FN = 9882
FP = 2829
TN = 40278
TPR = 0.8882884919737735
FNR = 0.11171150802622655
FPR = 0.06562739230287425
TNR = 0.9343726076971257
Confusion Matrix 0.77
TP = 78201
FN = 10259
FP = 2701
TN = 40406
TPR = 0.8840266787248474
FNR = 0.11597332127515261
FPR = 0.06265803697775303
TNR = 0.9373419630222469
Confusion Matrix 0.78
TP = 77794
FN = 10666
FP = 2586
TN = 40521
TPR = 0.8794257291431156
FNR = 0.12057427085688446
FPR = 0.059990256802839446
TNR = 0.9400097431971606
Confusion Matrix 0.79
TP = 77404
FN = 11056
FP = 2475
TN = 40632
TPR = 0.8750169568166403
FNR = 0.1249830431833597
FPR = 0.057415268981835896
TNR = 0.9425847310181641
Confusion Matrix 0.8
TP = 76997
FN = 11463
FP = 2365
TN = 40742
TPR = 0.8704160072349084
FNR = 0.12958399276509155
FPR = 0.05486347924930986
TNR = 0.9451365207506901
Confusion Matrix 0.81
TP = 76527
FN = 11933
FP = 2257
TN = 40850
TPR = 0.8651028713542844
FNR = 0.13489712864571557
FPR = 0.052358085693738836
TNR = 0.9476419143062612
Confusion Matrix 0.8200000000000001
TP = 76021
FN = 12439
FP = 2133
TN = 40974
TPR = 0.8593827718742935
FNR = 0.14061722812570654
FPR = 0.04948152272252766
TNR = 0.9505184772774723
Confusion Matrix 0.8300000000000001
TP = 75402
FN = 13058
FP = 1993
TN = 41114
TPR = 0.8523852588740674
FNR = 0.14761474112593262
FPR = 0.04623379033567634
TNR = 0.9537662096643237
Confusion Matrix 0.84
TP = 74711
FN = 13749
FP = 1866
TN = 41241
TPR = 0.8445738186751074
FNR = 0.1554261813248926
FPR = 0.04328763309903264
TNR = 0.9567123669009674
Confusion Matrix 0.85
TP = 73854
FN = 14606
FP = 1726
TN = 41381
TPR = 0.8348858241012888
FNR = 0.16511417589871127
FPR = 0.04003990071218132
TNR = 0.9599600992878187
Confusion Matrix 0.86
TP = 72688
FN = 15772
FP = 1548
TN = 41559
TPR = 0.8217047252995704
FNR = 0.17829527470042958
FPR = 0.03591064096318464
TNR = 0.9640893590368154
Confusion Matrix 0.87
TP = 71075
FN = 17385
FP = 1322
TN = 41785
TPR = 0.8034704951390459
FNR = 0.1965295048609541
FPR = 0.030667872967267498
TNR = 0.9693321270327325
Confusion Matrix 0.88
TP = 69373
FN = 19087
FP = 1051
TN = 42056
TPR = 0.7842301605245309
FNR = 0.21576983947546913
FPR = 0.024381190989862436
TNR = 0.9756188090101375
Confusion Matrix 0.89
TP = 67409
FN = 21051
FP = 790
TN = 42317
TPR = 0.7620280352701786
FNR = 0.23797196472982138
FPR = 0.018326489897232467
TNR = 0.9816735101027675
Confusion Matrix 0.9
TP = 65573
FN = 22887
FP = 594
TN = 42513
TPR = 0.7412728917024644
FNR = 0.2587271082975356
FPR = 0.013779664555640616
TNR = 0.9862203354443594
Confusion Matrix 0.91
TP = 63915
FN = 24545
FP = 406
TN = 42701
TPR = 0.7225299570427312
FNR = 0.27747004295726885
FPR = 0.009418423921868839
TNR = 0.9905815760781311
Confusion Matrix 0.92
TP = 62764
FN = 25696
FP = 276
TN = 42831
TPR = 0.7095184264074158
FNR = 0.2904815735925842
FPR = 0.006402672419792609
TNR = 0.9935973275802074
Confusion Matrix 0.93
TP = 61802
FN = 26658
FP = 192
TN = 42915
TPR = 0.6986434546687769
FNR = 0.30135654533122314
FPR = 0.004454032987681815
TNR = 0.9955459670123182
Confusion Matrix 0.9400000000000001
TP = 61292
FN = 27168
FP = 140
TN = 42967
TPR = 0.6928781370110785
FNR = 0.3071218629889215
FPR = 0.0032477323868513232
TNR = 0.9967522676131487
Confusion Matrix 0.9500000000000001
TP = 61076
FN = 27384
FP = 119
TN = 42988
TPR = 0.6904363554148768
FNR = 0.3095636445851232
FPR = 0.002760572528823625
TNR = 0.9972394274711763
Confusion Matrix 0.96
TP = 61011
FN = 27449
FP = 114
TN = 42993
TPR = 0.6897015600271309
FNR = 0.3102984399728691
FPR = 0.002644582086436078
TNR = 0.997355417913564
Confusion Matrix 0.97
TP = 60925
FN = 27535
FP = 110
TN = 42997
TPR = 0.688729369206421
FNR = 0.31127063079357903
FPR = 0.00255178973252604
TNR = 0.997448210267474
Confusion Matrix 0.98
TP = 60755
FN = 27705
FP = 105
TN = 43002
TPR = 0.6868075966538548
FNR = 0.3131924033461452
FPR = 0.0024357992901384924
TNR = 0.9975642007098615
Confusion Matrix 0.99
TP = 60154
FN = 28306
FP = 90
TN = 43017
TPR = 0.6800135654533123
FNR = 0.3199864345466878
FPR = 0.002087827962975851
TNR = 0.9979121720370242
